<?xml version="1.0" encoding="UTF-8"?>
<!-- Generated by org.testng.reporters.JUnitXMLReporter -->
<testsuite ignored="0" hostname="LAPTOP-A95BR07E" failures="0" tests="7" name="Default test" time="21.683" errors="0" timestamp="2023-08-22T22:59:29 IST">
  <testcase classname="testCase.LoginWithUnlockImg" name="ClickOnChatMeButton" time="0.631"/>
  <testcase classname="testCase.LoginWithUnlockImg" name="ClickOnLetsStartBtn" time="0.118"/>
  <testcase classname="testCase.LoginWithUnlockImg" name="ClickOnMobileNumberInputBox" time="0.104"/>
  <testcase classname="testCase.LoginWithUnlockImg" name="EnterTheMobNumber" time="0.129"/>
  <testcase classname="testCase.LoginWithUnlockImg" name="ClickOnLoginContinueButton" time="0.119"/>
  <testcase classname="testCase.LoginWithUnlockImg" name="EntetTheOTP" time="2.444"/>
  <testcase classname="testCase.LoginWithUnlockImg" name="ClickOnUnlockImage" time="8.571"/>
</testsuite> <!-- Default test -->
