<?xml version="1.0" encoding="UTF-8"?>
<testng-results ignored="0" total="7" passed="7" failed="0" skipped="0">
  <reporter-output>
  </reporter-output>
  <suite started-at="2023-08-22T22:59:07 IST" name="Default suite" finished-at="2023-08-22T22:59:28 IST" duration-ms="21683">
    <groups>
    </groups>
    <test started-at="2023-08-22T22:59:07 IST" name="Default test" finished-at="2023-08-22T22:59:28 IST" duration-ms="21683">
      <class name="testCase.LoginWithUnlockImg">
        <test-method is-config="true" signature="setup()[pri:0, instance:testCase.LoginWithUnlockImg@74235045]" started-at="2023-08-22T22:59:07 IST" name="setup" finished-at="2023-08-22T22:59:16 IST" duration-ms="9131" status="PASS">
          <reporter-output>
          </reporter-output>
        </test-method> <!-- setup -->
        <test-method signature="ClickOnChatMeButton()[pri:1, instance:testCase.LoginWithUnlockImg@74235045]" started-at="2023-08-22T22:59:16 IST" name="ClickOnChatMeButton" finished-at="2023-08-22T22:59:17 IST" duration-ms="631" status="PASS">
          <reporter-output>
          </reporter-output>
        </test-method> <!-- ClickOnChatMeButton -->
        <test-method signature="ClickOnLetsStartBtn()[pri:2, instance:testCase.LoginWithUnlockImg@74235045]" started-at="2023-08-22T22:59:17 IST" name="ClickOnLetsStartBtn" finished-at="2023-08-22T22:59:17 IST" duration-ms="118" status="PASS">
          <reporter-output>
          </reporter-output>
        </test-method> <!-- ClickOnLetsStartBtn -->
        <test-method signature="ClickOnMobileNumberInputBox()[pri:3, instance:testCase.LoginWithUnlockImg@74235045]" started-at="2023-08-22T22:59:17 IST" name="ClickOnMobileNumberInputBox" finished-at="2023-08-22T22:59:17 IST" duration-ms="104" status="PASS">
          <reporter-output>
          </reporter-output>
        </test-method> <!-- ClickOnMobileNumberInputBox -->
        <test-method signature="EnterTheMobNumber()[pri:4, instance:testCase.LoginWithUnlockImg@74235045]" started-at="2023-08-22T22:59:17 IST" name="EnterTheMobNumber" finished-at="2023-08-22T22:59:17 IST" duration-ms="129" status="PASS">
          <reporter-output>
          </reporter-output>
        </test-method> <!-- EnterTheMobNumber -->
        <test-method signature="ClickOnLoginContinueButton()[pri:5, instance:testCase.LoginWithUnlockImg@74235045]" started-at="2023-08-22T22:59:17 IST" name="ClickOnLoginContinueButton" finished-at="2023-08-22T22:59:17 IST" duration-ms="119" status="PASS">
          <reporter-output>
          </reporter-output>
        </test-method> <!-- ClickOnLoginContinueButton -->
        <test-method signature="EntetTheOTP()[pri:6, instance:testCase.LoginWithUnlockImg@74235045]" started-at="2023-08-22T22:59:17 IST" name="EntetTheOTP" finished-at="2023-08-22T22:59:20 IST" duration-ms="2444" status="PASS">
          <reporter-output>
          </reporter-output>
        </test-method> <!-- EntetTheOTP -->
        <test-method signature="ClickOnUnlockImage()[pri:7, instance:testCase.LoginWithUnlockImg@74235045]" started-at="2023-08-22T22:59:20 IST" name="ClickOnUnlockImage" finished-at="2023-08-22T22:59:28 IST" duration-ms="8571" status="PASS">
          <reporter-output>
          </reporter-output>
        </test-method> <!-- ClickOnUnlockImage -->
        <test-method is-config="true" signature="teadDown()[pri:0, instance:testCase.LoginWithUnlockImg@74235045]" started-at="2023-08-22T22:59:28 IST" name="teadDown" finished-at="2023-08-22T22:59:28 IST" duration-ms="338" status="PASS">
          <reporter-output>
          </reporter-output>
        </test-method> <!-- teadDown -->
      </class> <!-- testCase.LoginWithUnlockImg -->
    </test> <!-- Default test -->
  </suite> <!-- Default suite -->
</testng-results>
